<?xml version="1.0" encoding="UTF-8"?>
<testng-results skipped="0" failed="0" ignored="0" total="1" passed="1">
  <reporter-output>
  </reporter-output>
  <suite name="Suite" duration-ms="95047" started-at="2023-06-06T16:14:48 IST" finished-at="2023-06-06T16:16:23 IST">
    <groups>
      <group name="cucumber">
        <method signature="AbstractTestNGCucumberTests.runScenario(io.cucumber.testng.PickleWrapper,io.cucumber.testng.FeatureWrapper)[pri:0, instance:dashboard.Testrunner1@2f0a87b3]" name="runScenario" class="io.cucumber.testng.AbstractTestNGCucumberTests"/>
      </group> <!-- cucumber -->
    </groups>
    <test name="Testdashboard" duration-ms="95047" started-at="2023-06-06T16:14:48 IST" finished-at="2023-06-06T16:16:23 IST">
      <class name="dashboard.Testrunner1">
        <test-method status="PASS" signature="setUpClass(org.testng.ITestContext)[pri:0, instance:dashboard.Testrunner1@2f0a87b3]" name="setUpClass" is-config="true" duration-ms="2533" started-at="2023-06-06T16:14:48 IST" finished-at="2023-06-06T16:14:50 IST">
          <params>
            <param index="0">
              <value>
                <![CDATA[org.testng.TestRunner@1c7f96b1]]>
              </value>
            </param>
          </params>
          <reporter-output>
          </reporter-output>
        </test-method> <!-- setUpClass -->
        <test-method status="PASS" signature="runScenario(io.cucumber.testng.PickleWrapper,io.cucumber.testng.FeatureWrapper)[pri:0, instance:dashboard.Testrunner1@2f0a87b3]" name="runScenario" duration-ms="91954" started-at="2023-06-06T16:14:50 IST" description="Runs Cucumber Scenarios" data-provider="scenarios" finished-at="2023-06-06T16:16:22 IST">
          <params>
            <param index="0">
              <value>
                <![CDATA["Testdashboard"]]>
              </value>
            </param>
            <param index="1">
              <value>
                <![CDATA["dashboard"]]>
              </value>
            </param>
          </params>
          <reporter-output>
          </reporter-output>
        </test-method> <!-- runScenario -->
        <test-method status="PASS" signature="tearDownClass()[pri:0, instance:dashboard.Testrunner1@2f0a87b3]" name="tearDownClass" is-config="true" duration-ms="350" started-at="2023-06-06T16:16:22 IST" finished-at="2023-06-06T16:16:23 IST">
          <reporter-output>
          </reporter-output>
        </test-method> <!-- tearDownClass -->
      </class> <!-- dashboard.Testrunner1 -->
    </test> <!-- Testdashboard -->
  </suite> <!-- Suite -->
</testng-results>
